<?xml version="1.0" encoding="UTF-8"?>
<robot generator="Robot 7.2 (Python 3.10.12 on linux)" generated="2025-03-04T21:52:38.428362" rpa="false" schemaversion="5">
<suite id="s1" name="Data Driven" source="/home/eduardo/workspace/robot-autologger/../RobotDemo/data_driven.robot">
<test id="s1-t1" name="Addition" line="17">
<kw name="Calculate">
<kw name="Push Buttons" owner="CalculatorLibrary">
<arg>C${expression}=</arg>
<doc>Pushes the specified ``buttons``.</doc>
<status status="PASS" start="2025-03-04T21:52:38.442404" elapsed="0.001938"/>
</kw>
<kw name="Result Should Be" owner="CalculatorLibrary">
<arg>${expected}</arg>
<doc>Verifies that the current result is ``expected``.</doc>
<status status="PASS" start="2025-03-04T21:52:38.444583" elapsed="0.000247"/>
</kw>
<arg>12 + 2 + 2</arg>
<arg>16</arg>
<status status="PASS" start="2025-03-04T21:52:38.442014" elapsed="0.003013"/>
</kw>
<kw name="Calculate">
<kw name="Push Buttons" owner="CalculatorLibrary">
<arg>C${expression}=</arg>
<doc>Pushes the specified ``buttons``.</doc>
<status status="PASS" start="2025-03-04T21:52:38.445311" elapsed="0.000284"/>
</kw>
<kw name="Result Should Be" owner="CalculatorLibrary">
<arg>${expected}</arg>
<doc>Verifies that the current result is ``expected``.</doc>
<status status="PASS" start="2025-03-04T21:52:38.445787" elapsed="0.000247"/>
</kw>
<arg>2 + -3</arg>
<arg>-1</arg>
<status status="PASS" start="2025-03-04T21:52:38.445138" elapsed="0.001066"/>
</kw>
<status status="PASS" start="2025-03-04T21:52:38.441644" elapsed="0.004645"/>
</test>
<test id="s1-t2" name="Subtraction" line="20">
<kw name="Calculate">
<kw name="Push Buttons" owner="CalculatorLibrary">
<arg>C${expression}=</arg>
<doc>Pushes the specified ``buttons``.</doc>
<status status="PASS" start="2025-03-04T21:52:38.447582" elapsed="0.000306"/>
</kw>
<kw name="Result Should Be" owner="CalculatorLibrary">
<arg>${expected}</arg>
<doc>Verifies that the current result is ``expected``.</doc>
<status status="PASS" start="2025-03-04T21:52:38.448085" elapsed="0.000221"/>
</kw>
<arg>12 - 2 - 2</arg>
<arg>8</arg>
<status status="PASS" start="2025-03-04T21:52:38.447400" elapsed="0.001076"/>
</kw>
<kw name="Calculate">
<kw name="Push Buttons" owner="CalculatorLibrary">
<arg>C${expression}=</arg>
<doc>Pushes the specified ``buttons``.</doc>
<status status="PASS" start="2025-03-04T21:52:38.448748" elapsed="0.000278"/>
</kw>
<kw name="Result Should Be" owner="CalculatorLibrary">
<arg>${expected}</arg>
<doc>Verifies that the current result is ``expected``.</doc>
<status status="PASS" start="2025-03-04T21:52:38.449239" elapsed="0.000252"/>
</kw>
<arg>2 - -3</arg>
<arg>5</arg>
<status status="PASS" start="2025-03-04T21:52:38.448582" elapsed="0.001084"/>
</kw>
<status status="PASS" start="2025-03-04T21:52:38.447223" elapsed="0.002536"/>
</test>
<test id="s1-t3" name="Multiplication" line="23">
<kw name="Calculate">
<kw name="Push Buttons" owner="CalculatorLibrary">
<arg>C${expression}=</arg>
<doc>Pushes the specified ``buttons``.</doc>
<status status="PASS" start="2025-03-04T21:52:38.450343" elapsed="0.000355"/>
</kw>
<kw name="Result Should Be" owner="CalculatorLibrary">
<arg>${expected}</arg>
<doc>Verifies that the current result is ``expected``.</doc>
<status status="PASS" start="2025-03-04T21:52:38.450911" elapsed="0.000225"/>
</kw>
<arg>12 * 2 * 2</arg>
<arg>48</arg>
<status status="PASS" start="2025-03-04T21:52:38.450154" elapsed="0.001148"/>
</kw>
<kw name="Calculate">
<kw name="Push Buttons" owner="CalculatorLibrary">
<arg>C${expression}=</arg>
<doc>Pushes the specified ``buttons``.</doc>
<status status="PASS" start="2025-03-04T21:52:38.451576" elapsed="0.000278"/>
</kw>
<kw name="Result Should Be" owner="CalculatorLibrary">
<arg>${expected}</arg>
<doc>Verifies that the current result is ``expected``.</doc>
<status status="PASS" start="2025-03-04T21:52:38.452044" elapsed="0.000216"/>
</kw>
<arg>2 * -3</arg>
<arg>-6</arg>
<status status="PASS" start="2025-03-04T21:52:38.451398" elapsed="0.001022"/>
</kw>
<status status="PASS" start="2025-03-04T21:52:38.449895" elapsed="0.002604"/>
</test>
<test id="s1-t4" name="Division" line="26">
<kw name="Calculate">
<kw name="Push Buttons" owner="CalculatorLibrary">
<arg>C${expression}=</arg>
<doc>Pushes the specified ``buttons``.</doc>
<status status="PASS" start="2025-03-04T21:52:38.453071" elapsed="0.000297"/>
</kw>
<kw name="Result Should Be" owner="CalculatorLibrary">
<arg>${expected}</arg>
<doc>Verifies that the current result is ``expected``.</doc>
<status status="PASS" start="2025-03-04T21:52:38.453557" elapsed="0.000224"/>
</kw>
<arg>12 / 2 / 2</arg>
<arg>3</arg>
<status status="PASS" start="2025-03-04T21:52:38.452789" elapsed="0.001156"/>
</kw>
<kw name="Calculate">
<kw name="Push Buttons" owner="CalculatorLibrary">
<arg>C${expression}=</arg>
<doc>Pushes the specified ``buttons``.</doc>
<status status="PASS" start="2025-03-04T21:52:38.454197" elapsed="0.000265"/>
</kw>
<kw name="Result Should Be" owner="CalculatorLibrary">
<arg>${expected}</arg>
<doc>Verifies that the current result is ``expected``.</doc>
<status status="PASS" start="2025-03-04T21:52:38.454645" elapsed="0.000213"/>
</kw>
<arg>2 / -3</arg>
<arg>-1</arg>
<status status="PASS" start="2025-03-04T21:52:38.454039" elapsed="0.000980"/>
</kw>
<status status="PASS" start="2025-03-04T21:52:38.452624" elapsed="0.002475"/>
</test>
<test id="s1-t5" name="Failing" line="29">
<kw name="Calculate">
<kw name="Push Buttons" owner="CalculatorLibrary">
<arg>C${expression}=</arg>
<doc>Pushes the specified ``buttons``.</doc>
<status status="PASS" start="2025-03-04T21:52:38.455565" elapsed="0.000287"/>
</kw>
<kw name="Result Should Be" owner="CalculatorLibrary">
<msg time="2025-03-04T21:52:38.456289" level="FAIL">2 != 3</msg>
<arg>${expected}</arg>
<doc>Verifies that the current result is ``expected``.</doc>
<status status="FAIL" start="2025-03-04T21:52:38.456039" elapsed="0.000321">2 != 3</status>
</kw>
<arg>1 + 1</arg>
<arg>3</arg>
<status status="FAIL" start="2025-03-04T21:52:38.455398" elapsed="0.001165">2 != 3</status>
</kw>
<status status="FAIL" start="2025-03-04T21:52:38.455230" elapsed="0.001447">2 != 3</status>
</test>
<test id="s1-t6" name="Calculation error" line="31">
<kw name="Calculation should fail">
<kw name="Should Cause Error" owner="CalculatorLibrary">
<msg time="2025-03-04T21:52:38.457548" level="INFO">${error} = Invalid button 'k'.</msg>
<var>${error}</var>
<arg>C${expression}=</arg>
<doc>Verifies that calculating the given ``expression`` causes an error.</doc>
<status status="PASS" start="2025-03-04T21:52:38.457162" elapsed="0.000403"/>
</kw>
<kw name="Should Be Equal" owner="BuiltIn">
<arg>${expected}</arg>
<arg>${error}</arg>
<doc>Fails if the given objects are unequal.</doc>
<status status="PASS" start="2025-03-04T21:52:38.457795" elapsed="0.001072"/>
</kw>
<arg>kekkonen</arg>
<arg>Invalid button 'k'.</arg>
<status status="PASS" start="2025-03-04T21:52:38.456980" elapsed="0.002386"/>
</kw>
<kw name="Calculation should fail">
<kw name="Should Cause Error" owner="CalculatorLibrary">
<msg time="2025-03-04T21:52:38.460360" level="INFO">${error} = Invalid expression.</msg>
<var>${error}</var>
<arg>C${expression}=</arg>
<doc>Verifies that calculating the given ``expression`` causes an error.</doc>
<status status="PASS" start="2025-03-04T21:52:38.459964" elapsed="0.000413"/>
</kw>
<kw name="Should Be Equal" owner="BuiltIn">
<arg>${expected}</arg>
<arg>${error}</arg>
<doc>Fails if the given objects are unequal.</doc>
<status status="PASS" start="2025-03-04T21:52:38.460614" elapsed="0.000591"/>
</kw>
<arg>${EMPTY}</arg>
<arg>Invalid expression.</arg>
<status status="PASS" start="2025-03-04T21:52:38.459478" elapsed="0.002203"/>
</kw>
<kw name="Calculation should fail">
<kw name="Should Cause Error" owner="CalculatorLibrary">
<msg time="2025-03-04T21:52:38.462411" level="INFO">${error} = Division by zero.</msg>
<var>${error}</var>
<arg>C${expression}=</arg>
<doc>Verifies that calculating the given ``expression`` causes an error.</doc>
<status status="PASS" start="2025-03-04T21:52:38.461973" elapsed="0.000456"/>
</kw>
<kw name="Should Be Equal" owner="BuiltIn">
<arg>${expected}</arg>
<arg>${error}</arg>
<doc>Fails if the given objects are unequal.</doc>
<status status="PASS" start="2025-03-04T21:52:38.462657" elapsed="0.000614"/>
</kw>
<arg>1 / 0</arg>
<arg>Division by zero.</arg>
<status status="PASS" start="2025-03-04T21:52:38.461795" elapsed="0.002049"/>
</kw>
<status status="PASS" start="2025-03-04T21:52:38.456810" elapsed="0.007153"/>
</test>
<doc>Example test cases using the data-driven testing approach.

The _data-driven_ style works well when you need to repeat
the same workflow multiple times.

Tests use ``Calculate`` keyword created in this file, that in
turn uses keywords in ``CalculatorLibrary.py``. An exception
is the last test that has a custom _template keyword_.

Notice that one of these tests fails on purpose to show how
failures look like.</doc>
<status status="FAIL" start="2025-03-04T21:52:38.433964" elapsed="0.030294"/>
</suite>
<statistics>
<total>
<stat pass="5" fail="1" skip="0">All Tests</stat>
</total>
<tag>
</tag>
<suite>
<stat name="Data Driven" id="s1" pass="5" fail="1" skip="0">Data Driven</stat>
</suite>
</statistics>
<errors>
</errors>
</robot>
